<?xml version="1.0"?>
<testsuite name="PhantomJS 2.1.1 (Windows 8 0.0.0)" package="" timestamp="2017-02-18T13:06:02" id="0" hostname="ND0312891042693" tests="2" errors="0" failures="0" time="0.01">
  <properties>
    <property name="browser.fullName" value="Mozilla/5.0 (Windows NT 6.2; WOW64) AppleWebKit/538.1 (KHTML, like Gecko) PhantomJS/2.1.1 Safari/538.1"/>
  </properties>
  <testcase name=" demo" time="0.009" classname="undefined"/>
  <testcase name=" demo2" time="0.001" classname="undefined"/>
  <system-out>
    <![CDATA[
]]>
  </system-out>
  <system-err/>
</testsuite>